<?xml version="1.0" encoding="UTF-8"?>
<coverage generated="1714381472482" clover="3.2.0">
  <project timestamp="1714381472482" name="All files">
    <metrics statements="20" coveredstatements="1" conditionals="4" coveredconditionals="0" methods="7" coveredmethods="0" elements="31" coveredelements="1" complexity="0" loc="20" ncloc="20" packages="1" files="2" classes="2"/>
    <file name="effect.ts" path="/Users/snow/Desktop/frontend/program/vue_demo/mini-vue/src/reactivity/effect.ts">
      <metrics statements="14" coveredstatements="1" conditionals="4" coveredconditionals="0" methods="4" coveredmethods="0"/>
      <line num="4" count="0" type="stmt"/>
      <line num="7" count="0" type="stmt"/>
      <line num="8" count="0" type="stmt"/>
      <line num="15" count="0" type="stmt"/>
      <line num="16" count="0" type="stmt"/>
      <line num="19" count="1" type="stmt"/>
      <line num="22" count="0" type="stmt"/>
      <line num="23" count="0" type="cond" truecount="0" falsecount="2"/>
      <line num="24" count="0" type="stmt"/>
      <line num="25" count="0" type="stmt"/>
      <line num="27" count="0" type="stmt"/>
      <line num="28" count="0" type="cond" truecount="0" falsecount="2"/>
      <line num="29" count="0" type="stmt"/>
      <line num="31" count="0" type="stmt"/>
    </file>
    <file name="reactive.ts" path="/Users/snow/Desktop/frontend/program/vue_demo/mini-vue/src/reactivity/reactive.ts">
      <metrics statements="6" coveredstatements="0" conditionals="0" coveredconditionals="0" methods="3" coveredmethods="0"/>
      <line num="5" count="0" type="stmt"/>
      <line num="7" count="0" type="stmt"/>
      <line num="9" count="0" type="stmt"/>
      <line num="10" count="0" type="stmt"/>
      <line num="13" count="0" type="stmt"/>
      <line num="15" count="0" type="stmt"/>
    </file>
  </project>
</coverage>
