{"/Users/snow/Desktop/frontend/program/vue_demo/mini-vue/src/reactivity/effect.ts": {"path":"/Users/snow/Desktop/frontend/program/vue_demo/mini-vue/src/reactivity/effect.ts","statementMap":{"0":{"start":{"line":4,"column":4},"end":{"line":4,"column":17}},"1":{"start":{"line":7,"column":4},"end":{"line":7,"column":23}},"2":{"start":{"line":8,"column":4},"end":{"line":8,"column":14}},"3":{"start":{"line":15,"column":18},"end":{"line":15,"column":40}},"4":{"start":{"line":16,"column":2},"end":{"line":16,"column":16}},"5":{"start":{"line":19,"column":18},"end":{"line":19,"column":27}},"6":{"start":{"line":22,"column":16},"end":{"line":22,"column":37}},"7":{"start":{"line":23,"column":2},"end":{"line":26,"column":3}},"8":{"start":{"line":24,"column":4},"end":{"line":24,"column":24}},"9":{"start":{"line":25,"column":4},"end":{"line":25,"column":35}},"10":{"start":{"line":27,"column":12},"end":{"line":27,"column":28}},"11":{"start":{"line":28,"column":2},"end":{"line":30,"column":3}},"12":{"start":{"line":29,"column":4},"end":{"line":29,"column":19}},"13":{"start":{"line":31,"column":2},"end":{"line":31,"column":23}}},"fnMap":{"0":{"name":"(anonymous_0)","decl":{"start":{"line":3,"column":2},"end":{"line":3,"column":3}},"loc":{"start":{"line":3,"column":18},"end":{"line":5,"column":3}},"line":3},"1":{"name":"(anonymous_1)","decl":{"start":{"line":6,"column":2},"end":{"line":6,"column":3}},"loc":{"start":{"line":6,"column":8},"end":{"line":9,"column":3}},"line":6},"2":{"name":"effect","decl":{"start":{"line":13,"column":16},"end":{"line":13,"column":22}},"loc":{"start":{"line":13,"column":27},"end":{"line":17,"column":1}},"line":13},"3":{"name":"track","decl":{"start":{"line":20,"column":16},"end":{"line":20,"column":21}},"loc":{"start":{"line":20,"column":33},"end":{"line":32,"column":1}},"line":20}},"branchMap":{"0":{"loc":{"start":{"line":23,"column":2},"end":{"line":26,"column":3}},"type":"if","locations":[{"start":{"line":23,"column":2},"end":{"line":26,"column":3}},{"start":{},"end":{}}],"line":23},"1":{"loc":{"start":{"line":28,"column":2},"end":{"line":30,"column":3}},"type":"if","locations":[{"start":{"line":28,"column":2},"end":{"line":30,"column":3}},{"start":{},"end":{}}],"line":28}},"s":{"0":0,"1":0,"2":0,"3":0,"4":0,"5":1,"6":0,"7":0,"8":0,"9":0,"10":0,"11":0,"12":0,"13":0},"f":{"0":0,"1":0,"2":0,"3":0},"b":{"0":[0,0],"1":[0,0]},"_coverageSchema":"1a1c01bbd47fc00a2c39e90264f33305004495a9","hash":"a2d96d38d4430973613978477ed4f2c40958bf48"}
,"/Users/snow/Desktop/frontend/program/vue_demo/mini-vue/src/reactivity/reactive.ts": {"path":"/Users/snow/Desktop/frontend/program/vue_demo/mini-vue/src/reactivity/reactive.ts","statementMap":{"0":{"start":{"line":5,"column":2},"end":{"line":17,"column":5}},"1":{"start":{"line":7,"column":18},"end":{"line":7,"column":42}},"2":{"start":{"line":9,"column":6},"end":{"line":9,"column":24}},"3":{"start":{"line":10,"column":6},"end":{"line":10,"column":16}},"4":{"start":{"line":13,"column":18},"end":{"line":13,"column":49}},"5":{"start":{"line":15,"column":6},"end":{"line":15,"column":16}}},"fnMap":{"0":{"name":"reactive","decl":{"start":{"line":4,"column":16},"end":{"line":4,"column":24}},"loc":{"start":{"line":4,"column":30},"end":{"line":18,"column":1}},"line":4},"1":{"name":"(anonymous_1)","decl":{"start":{"line":6,"column":4},"end":{"line":6,"column":5}},"loc":{"start":{"line":6,"column":21},"end":{"line":11,"column":5}},"line":6},"2":{"name":"(anonymous_2)","decl":{"start":{"line":12,"column":4},"end":{"line":12,"column":5}},"loc":{"start":{"line":12,"column":28},"end":{"line":16,"column":5}},"line":12}},"branchMap":{},"s":{"0":0,"1":0,"2":0,"3":0,"4":0,"5":0},"f":{"0":0,"1":0,"2":0},"b":{},"_coverageSchema":"1a1c01bbd47fc00a2c39e90264f33305004495a9","hash":"a000ea69ae56d3159e1d5c0043c54d6b048623b1"}
}
